25/8/21
    Implementado Jonki:
        - Se puede atacar o intentar escapar (si se intenta escapar
            50% de probabilidades de conseguirlo, si no se consigue
            gana el jonki.
        - Al atacar, si se tiene la pistola se gana siempre al jonki.
        - Al atacar sin pistola al 75% se gana al 25% gana el jonki.
        - Al ganar al jonki suelta de 1 a 3 unidades de droga aleatoria
            y de 0 a 100 de dinero.

24/8/21
    Rutina que genera un stock aleatorio en relacion a la rareza de la droja.
    Limitar el gasto a lo disponible en dinero.
    Variable de vida del player.
    Retocada la GUI para dar cavida a la vida.
    Retocada la rutina de eventos en viaje

23/8/21:
    Actualizado README, creado changelog y TODO.
    Añadida subrutina ran100 que devuelve un int aleatorio de 0 a 99
    Ahora la deuda crece un 3% al dia (antes 200 fijos)

Todo lo anterior.